<?xml version="1.0" encoding="UTF-8"?>
<testng-results skipped="0" failed="0" ignored="0" total="1" passed="1">
  <reporter-output>
  </reporter-output>
  <suite name="Default suite" duration-ms="32407" started-at="2018-10-13T13:22:06Z" finished-at="2018-10-13T13:22:38Z">
    <groups>
    </groups>
    <test name="Default test" duration-ms="32407" started-at="2018-10-13T13:22:06Z" finished-at="2018-10-13T13:22:38Z">
      <class name="com.phptravel.test.HomePageTest">
        <test-method status="PASS" signature="setUp()[pri:0, instance:com.phptravel.test.HomePageTest@3bfdc050]" name="setUp" is-config="true" duration-ms="19379" started-at="2018-10-13T13:22:06Z" finished-at="2018-10-13T13:22:25Z">
          <reporter-output>
          </reporter-output>
        </test-method> <!-- setUp -->
        <test-method status="PASS" signature="verifyHotelPageLoadTitle()[pri:0, instance:com.phptravel.test.HomePageTest@3bfdc050]" name="verifyHotelPageLoadTitle" duration-ms="13006" started-at="2018-10-13T13:22:25Z" finished-at="2018-10-13T13:22:38Z">
          <reporter-output>
          </reporter-output>
        </test-method> <!-- verifyHotelPageLoadTitle -->
        <test-method status="PASS" signature="tearDown()[pri:0, instance:com.phptravel.test.HomePageTest@3bfdc050]" name="tearDown" is-config="true" duration-ms="0" started-at="2018-10-13T13:22:38Z" finished-at="2018-10-13T13:22:38Z">
          <reporter-output>
          </reporter-output>
        </test-method> <!-- tearDown -->
      </class> <!-- com.phptravel.test.HomePageTest -->
    </test> <!-- Default test -->
  </suite> <!-- Default suite -->
</testng-results>
